[2022-11-14T21:52:48.690] [WARN] default - Ruta /tes/t no implementada
[2022-11-14T21:53:50.529] [WARN] default - Ruta /tes/t con metodo GET no implementada
[2022-11-14T22:05:13.837] [WARN] default - Ruta /tes/t con metodo GET no implementada
[2022-11-14T22:05:27.093] [WARN] default - Ruta /tes/t con metodo GET no implementada
[2022-11-14T22:08:50.510] [WARN] default - Ruta /tes/t con metodo GET no implementada
[2022-11-14T22:08:55.629] [WARN] default - Ruta /rwsa con metodo GET no implementada
[2022-11-14T22:08:55.648] [WARN] default - Ruta /tests con metodo GET no implementada
[2022-11-14T22:08:55.654] [WARN] default - Ruta /test con metodo GET no implementada
[2022-11-14T22:08:55.660] [WARN] default - Ruta /est con metodo GET no implementada
[2022-11-14T22:08:55.661] [WARN] default - Ruta /otro con metodo GET no implementada
[2022-11-14T22:09:05.667] [WARN] default - Ruta /rwsa con metodo GET no implementada
[2022-11-14T22:09:05.678] [WARN] default - Ruta /est con metodo GET no implementada
[2022-11-14T22:09:05.680] [WARN] default - Ruta /tests con metodo GET no implementada
[2022-11-14T22:09:05.685] [WARN] default - Ruta /test con metodo GET no implementada
[2022-11-14T22:09:05.689] [WARN] default - Ruta /otro con metodo GET no implementada
[2022-11-14T22:09:05.696] [WARN] default - Ruta /imagen%20post con metodo GET no implementada
[2022-11-14T22:10:55.510] [WARN] default - Ruta /rwsa con metodo GET no implementada
[2022-11-14T22:10:55.514] [WARN] default - Ruta /est con metodo GET no implementada
[2022-11-14T22:10:55.516] [WARN] default - Ruta /test con metodo GET no implementada
[2022-11-14T22:10:55.519] [WARN] default - Ruta /tests con metodo GET no implementada
[2022-11-14T22:10:55.522] [WARN] default - Ruta /otro con metodo GET no implementada
[2022-11-14T22:10:55.524] [WARN] default - Ruta /imagen%20post con metodo GET no implementada
[2022-11-14T22:11:26.619] [WARN] default - Ruta /rwsa con metodo GET no implementada
[2022-11-14T22:11:26.623] [WARN] default - Ruta /est con metodo GET no implementada
[2022-11-14T22:11:26.625] [WARN] default - Ruta /test con metodo GET no implementada
[2022-11-14T22:11:26.629] [WARN] default - Ruta /tests con metodo GET no implementada
[2022-11-14T22:11:26.631] [WARN] default - Ruta /otro con metodo GET no implementada
[2022-11-14T22:11:26.635] [WARN] default - Ruta /imagen%20post con metodo GET no implementada
[2022-11-14T22:11:32.016] [WARN] default - Ruta /rwsa con metodo GET no implementada
[2022-11-14T22:11:32.024] [WARN] default - Ruta /est con metodo GET no implementada
[2022-11-14T22:11:32.029] [WARN] default - Ruta /otro con metodo GET no implementada
[2022-11-14T22:11:32.041] [WARN] default - Ruta /test con metodo GET no implementada
[2022-11-14T22:11:32.043] [WARN] default - Ruta /tests con metodo GET no implementada
[2022-11-14T22:11:32.048] [WARN] default - Ruta /imagen%20post con metodo GET no implementada
[2022-11-14T22:11:36.972] [ERROR] default - Ha ocurrido un error ValidationError: title: Path `title` is required., price: Path `price` is required., thumbnail: Path `thumbnail` is required.
[2022-11-14T22:11:47.276] [WARN] default - Ruta /rwsa con metodo GET no implementada
[2022-11-14T22:11:47.291] [WARN] default - Ruta /est con metodo GET no implementada
[2022-11-14T22:11:47.295] [WARN] default - Ruta /test con metodo GET no implementada
[2022-11-14T22:11:47.299] [WARN] default - Ruta /tests con metodo GET no implementada
[2022-11-14T22:11:47.310] [WARN] default - Ruta /imagen%20post con metodo GET no implementada
[2022-11-14T22:11:47.312] [WARN] default - Ruta /otro con metodo GET no implementada
[2022-11-14T22:15:02.112] [WARN] default - Ruta /rwsa con metodo GET no implementada
[2022-11-14T22:15:02.120] [WARN] default - Ruta /est con metodo GET no implementada
[2022-11-14T22:15:02.123] [WARN] default - Ruta /test con metodo GET no implementada
[2022-11-14T22:15:02.127] [WARN] default - Ruta /tests con metodo GET no implementada
[2022-11-14T22:15:02.134] [WARN] default - Ruta /otro con metodo GET no implementada
[2022-11-14T22:15:02.138] [WARN] default - Ruta /imagen%20post con metodo GET no implementada
[2022-11-14T22:15:34.539] [WARN] default - Ruta /rwsa con metodo GET no implementada
[2022-11-14T22:15:34.547] [WARN] default - Ruta /est con metodo GET no implementada
[2022-11-14T22:15:34.550] [WARN] default - Ruta /test con metodo GET no implementada
[2022-11-14T22:15:34.556] [WARN] default - Ruta /tests con metodo GET no implementada
[2022-11-14T22:15:34.560] [WARN] default - Ruta /otro con metodo GET no implementada
[2022-11-14T22:15:34.563] [WARN] default - Ruta /imagen%20post con metodo GET no implementada
[2022-11-14T22:16:08.727] [WARN] default - Ruta /rwsa con metodo GET no implementada
[2022-11-14T22:16:08.740] [WARN] default - Ruta /test con metodo GET no implementada
[2022-11-14T22:16:08.745] [WARN] default - Ruta /otro con metodo GET no implementada
[2022-11-14T22:16:08.750] [WARN] default - Ruta /imagen%20post con metodo GET no implementada
[2022-11-14T22:16:08.753] [WARN] default - Ruta /est con metodo GET no implementada
[2022-11-14T22:16:08.777] [WARN] default - Ruta /tests con metodo GET no implementada
[2022-11-14T22:16:23.523] [ERROR] default - Ha ocurrido un error en mensajes
[2022-11-14T22:16:23.678] [WARN] default - Ruta /rwsa con metodo GET no implementada
[2022-11-14T22:16:23.698] [WARN] default - Ruta /est con metodo GET no implementada
[2022-11-14T22:16:23.702] [WARN] default - Ruta /test con metodo GET no implementada
[2022-11-14T22:16:23.705] [WARN] default - Ruta /tests con metodo GET no implementada
[2022-11-14T22:16:23.718] [WARN] default - Ruta /imagen%20post con metodo GET no implementada
[2022-11-14T22:16:23.720] [WARN] default - Ruta /otro con metodo GET no implementada
[2022-11-14T22:16:27.216] [WARN] default - Ruta /rwsa con metodo GET no implementada
[2022-11-14T22:16:27.255] [WARN] default - Ruta /test con metodo GET no implementada
[2022-11-14T22:16:27.264] [WARN] default - Ruta /otro con metodo GET no implementada
[2022-11-14T22:16:27.290] [WARN] default - Ruta /imagen%20post con metodo GET no implementada
[2022-11-14T22:16:27.297] [WARN] default - Ruta /est con metodo GET no implementada
[2022-11-14T22:16:27.309] [WARN] default - Ruta /tests con metodo GET no implementada
[2022-11-14T22:16:56.331] [ERROR] default - Ha ocurrido un error en mensajes
[2022-11-14T22:16:58.908] [WARN] default - Ruta /rwsa con metodo GET no implementada
[2022-11-14T22:16:58.932] [WARN] default - Ruta /est con metodo GET no implementada
[2022-11-14T22:16:58.937] [WARN] default - Ruta /test con metodo GET no implementada
[2022-11-14T22:16:58.948] [WARN] default - Ruta /tests con metodo GET no implementada
[2022-11-14T22:16:58.960] [WARN] default - Ruta /otro con metodo GET no implementada
[2022-11-14T22:16:58.962] [WARN] default - Ruta /imagen%20post con metodo GET no implementada
[2022-11-14T22:26:14.241] [WARN] default - Ruta /rwsa con metodo GET no implementada
[2022-11-14T22:26:14.249] [WARN] default - Ruta /est con metodo GET no implementada
[2022-11-14T22:26:14.253] [WARN] default - Ruta /test con metodo GET no implementada
[2022-11-14T22:26:14.258] [WARN] default - Ruta /tests con metodo GET no implementada
[2022-11-14T22:26:14.261] [WARN] default - Ruta /otro con metodo GET no implementada
[2022-11-14T22:26:14.264] [WARN] default - Ruta /imagen%20post con metodo GET no implementada
[2022-11-14T22:50:46.087] [WARN] default - Ruta /rwsa con metodo GET no implementada
[2022-11-14T22:50:46.096] [WARN] default - Ruta /est con metodo GET no implementada
[2022-11-14T22:50:46.098] [WARN] default - Ruta /test con metodo GET no implementada
[2022-11-14T22:50:46.103] [WARN] default - Ruta /tests con metodo GET no implementada
[2022-11-14T22:50:46.106] [WARN] default - Ruta /otro con metodo GET no implementada
[2022-11-14T22:50:46.109] [WARN] default - Ruta /imagen%20post con metodo GET no implementada
[2022-11-14T23:01:51.540] [WARN] default - Ruta /rwsa con metodo GET no implementada
[2022-11-14T23:01:51.545] [WARN] default - Ruta /est con metodo GET no implementada
[2022-11-14T23:01:51.548] [WARN] default - Ruta /test con metodo GET no implementada
[2022-11-14T23:01:51.553] [WARN] default - Ruta /tests con metodo GET no implementada
[2022-11-14T23:01:51.557] [WARN] default - Ruta /otro con metodo GET no implementada
[2022-11-14T23:01:51.562] [WARN] default - Ruta /imagen%20post con metodo GET no implementada
[2022-11-14T23:07:07.985] [WARN] default - Ruta /rwsa con metodo GET no implementada
[2022-11-14T23:07:08.008] [WARN] default - Ruta /est con metodo GET no implementada
[2022-11-14T23:07:08.015] [WARN] default - Ruta /test con metodo GET no implementada
[2022-11-14T23:07:08.023] [WARN] default - Ruta /tests con metodo GET no implementada
[2022-11-14T23:07:08.031] [WARN] default - Ruta /otro con metodo GET no implementada
[2022-11-14T23:07:08.036] [WARN] default - Ruta /imagen%20post con metodo GET no implementada
